Not Found: /storage/images/serhii_ivanenko.jpg
Not Found: /storage/images/skills/lF4hqOwsXoI1Vpe4mQurFJ5mqfXLwP9d4yyPHxW0.png
Not Found: /storage/images/skills/WaaqD4FchVKOZDsoH5mNzsVxdvify48zZ4pWV1mS.png
Not Found: /storage/images/skills/ADOYL1xSd2b6yoim4h5b32Bs2peQHXATO4H6Nif5.png
Not Found: /storage/images/skills/yLeBhbdzF4aL1NdZQgd8tOLVGPuOBILUHINyKRWJ.png
Not Found: /storage/images/skills/8SHkhlWwWMJJYljqJG1TUfm2roDa6wrzynd4OU68.png
Not Found: /storage/images/skills/acW8grPmyCKfXzzwyuf6txnGfP4NgpQ44oYtFCGy.png
Not Found: /storage/images/skills/IFUrLOeja5uDvjJUCev0mrv0iCjF9mqc3fAw90PQ.png
Not Found: /storage/images/skills/so4Sy8yJhkF8xrafRiC5TBklsAXwQl23hKseVjDt.png
Not Found: /storage/images/skills/doYaXPaRu19ofoLW0K8xsvyOGS9g8tytukPQbQ39.png
Not Found: /storage/images/skills/yg3Fh3XRiRbxAQmaLdnrJMGEW79RcICV703beufq.png
Not Found: /storage/images/skills/wxyf6uiZhZHqfI4GGBfzN2zIpKChdLhUCyWcaQqv.png
Not Found: /storage/images/skills/YACpSpAxgzTqaCjw0XNJUXQubeHM9MUP7iYd8hko.png
Not Found: /storage/images/skills/ArVMGm02XmNcuF1B3qBoSg36uvIwtWL6GWXCjKki.png
Not Found: /storage/images/skills/6ELsC8io4XrvnU98N42gYwPsHVY5egLo6I3mHc40.png
Not Found: /storage/images/skills/xrTrPITMkLcJN00T5W5Ku4EFzRarSINj36LscZuw.png
Not Found: /storage/images/skills/4pcEWX3lVjuEwXft8iFODi1ZhbCG94LNNf4jQDU7.png
Not Found: /storage/images/skills/3bZ6VCiMMtnsc5gSq23VsiOYwiWg3mycqKBJBMva.png
Not Found: /storage/images/skills/VFnGqz98C21bkIqrnQEoQoutSR02nXI7pL2LJu1S.png
Not Found: /storage/images/skills/4FrovqnbAkP0e6cWsLfZb7LwJWnSHO73ZFd9fN3y.png
Not Found: /storage/images/skills/ZaHUEcoEaEPHl9oFhEAwmfYmYEJt7kaOFnHtZ2YP.png
Not Found: /storage/images/skills/re94hov8aABsdukGjYoOgRNYCyo3dxE4rqP7rwr1.png
Not Found: /storage/images/skills/wLW5PFH0ezwiGUgzpdVXIKOpB2zD2bM8fnTFrBwd.png
Not Found: /storage/images/skills/hc5Wg7vhKJFY2RWYjzLCdE38DoEEuAuA0iKNaZK9.png
Not Found: /storage/images/skills/PiQDPKkc1qJaC886fURmMxlJBcABVKz4VncsVFBi.png
Not Found: /storage/images/skills/r1vS28oSEqRmvLJ0d3s7W0CN4bwQ0wX9ZMTxi69h.png
Not Found: /storage/images/skills/iKxSYLnFwTnnykvODJH6NWHotYEGJC3dKxMzqthJ.png
Not Found: /storage/images/serhii_ivanenko.jpg
Not Found: /storage/images/skills/ADOYL1xSd2b6yoim4h5b32Bs2peQHXATO4H6Nif5.png
Not Found: /storage/images/skills/8SHkhlWwWMJJYljqJG1TUfm2roDa6wrzynd4OU68.png
Not Found: /storage/images/skills/WaaqD4FchVKOZDsoH5mNzsVxdvify48zZ4pWV1mS.png
Not Found: /storage/images/skills/lF4hqOwsXoI1Vpe4mQurFJ5mqfXLwP9d4yyPHxW0.png
Not Found: /storage/images/skills/yLeBhbdzF4aL1NdZQgd8tOLVGPuOBILUHINyKRWJ.png
Not Found: /storage/images/skills/acW8grPmyCKfXzzwyuf6txnGfP4NgpQ44oYtFCGy.png
Not Found: /storage/images/skills/wxyf6uiZhZHqfI4GGBfzN2zIpKChdLhUCyWcaQqv.png
Not Found: /storage/images/skills/IFUrLOeja5uDvjJUCev0mrv0iCjF9mqc3fAw90PQ.png
Not Found: /storage/images/skills/yg3Fh3XRiRbxAQmaLdnrJMGEW79RcICV703beufq.png
Not Found: /storage/images/skills/doYaXPaRu19ofoLW0K8xsvyOGS9g8tytukPQbQ39.png
Not Found: /storage/images/skills/so4Sy8yJhkF8xrafRiC5TBklsAXwQl23hKseVjDt.png
Not Found: /storage/images/skills/YACpSpAxgzTqaCjw0XNJUXQubeHM9MUP7iYd8hko.png
Not Found: /storage/images/skills/ArVMGm02XmNcuF1B3qBoSg36uvIwtWL6GWXCjKki.png
Not Found: /storage/images/skills/4pcEWX3lVjuEwXft8iFODi1ZhbCG94LNNf4jQDU7.png
Not Found: /storage/images/skills/6ELsC8io4XrvnU98N42gYwPsHVY5egLo6I3mHc40.png
Not Found: /storage/images/skills/3bZ6VCiMMtnsc5gSq23VsiOYwiWg3mycqKBJBMva.png
Not Found: /storage/images/skills/xrTrPITMkLcJN00T5W5Ku4EFzRarSINj36LscZuw.png
Not Found: /storage/images/skills/VFnGqz98C21bkIqrnQEoQoutSR02nXI7pL2LJu1S.png
Not Found: /storage/images/skills/ZaHUEcoEaEPHl9oFhEAwmfYmYEJt7kaOFnHtZ2YP.png
Not Found: /storage/images/skills/4FrovqnbAkP0e6cWsLfZb7LwJWnSHO73ZFd9fN3y.png
Not Found: /storage/images/skills/wLW5PFH0ezwiGUgzpdVXIKOpB2zD2bM8fnTFrBwd.png
Not Found: /storage/images/skills/PiQDPKkc1qJaC886fURmMxlJBcABVKz4VncsVFBi.png
Not Found: /storage/images/skills/hc5Wg7vhKJFY2RWYjzLCdE38DoEEuAuA0iKNaZK9.png
Not Found: /storage/images/skills/re94hov8aABsdukGjYoOgRNYCyo3dxE4rqP7rwr1.png
Not Found: /storage/images/skills/r1vS28oSEqRmvLJ0d3s7W0CN4bwQ0wX9ZMTxi69h.png
Not Found: /storage/images/skills/iKxSYLnFwTnnykvODJH6NWHotYEGJC3dKxMzqthJ.png
Not Found: /resume/svsvs
Not Found: /media/My_program/Engineering_Calculator/dist/main.exe
