WARNING 2020-08-13 10:59:00,648 log 7805 140686526834496 Not Found: /storage/images/skills/WaaqD4FchVKOZDsoH5mNzsVxdvify48zZ4pWV1mS.png
WARNING 2020-08-13 10:59:00,650 log 7806 140686526834496 Not Found: /storage/images/skills/8SHkhlWwWMJJYljqJG1TUfm2roDa6wrzynd4OU68.png
WARNING 2020-08-13 10:59:00,653 log 7803 140686526834496 Not Found: /storage/images/skills/lF4hqOwsXoI1Vpe4mQurFJ5mqfXLwP9d4yyPHxW0.png
WARNING 2020-08-13 10:59:00,655 log 7806 140686526834496 Not Found: /storage/images/skills/yLeBhbdzF4aL1NdZQgd8tOLVGPuOBILUHINyKRWJ.png
WARNING 2020-08-13 10:59:00,677 log 7805 140686526834496 Not Found: /storage/images/skills/ADOYL1xSd2b6yoim4h5b32Bs2peQHXATO4H6Nif5.png
WARNING 2020-08-13 10:59:00,694 log 7803 140686526834496 Not Found: /storage/images/serhii_ivanenko.jpg
WARNING 2020-08-13 10:59:00,698 log 7806 140686526834496 Not Found: /storage/images/skills/acW8grPmyCKfXzzwyuf6txnGfP4NgpQ44oYtFCGy.png
WARNING 2020-08-13 10:59:00,701 log 7805 140686526834496 Not Found: /storage/images/skills/IFUrLOeja5uDvjJUCev0mrv0iCjF9mqc3fAw90PQ.png
WARNING 2020-08-13 10:59:00,714 log 7803 140686526834496 Not Found: /storage/images/skills/yg3Fh3XRiRbxAQmaLdnrJMGEW79RcICV703beufq.png
WARNING 2020-08-13 10:59:00,802 log 7806 140686526834496 Not Found: /storage/images/skills/doYaXPaRu19ofoLW0K8xsvyOGS9g8tytukPQbQ39.png
WARNING 2020-08-13 10:59:00,803 log 7805 140686526834496 Not Found: /storage/images/skills/ArVMGm02XmNcuF1B3qBoSg36uvIwtWL6GWXCjKki.png
WARNING 2020-08-13 10:59:00,807 log 7806 140686526834496 Not Found: /storage/images/skills/so4Sy8yJhkF8xrafRiC5TBklsAXwQl23hKseVjDt.png
WARNING 2020-08-13 10:59:00,809 log 7803 140686526834496 Not Found: /storage/images/skills/wxyf6uiZhZHqfI4GGBfzN2zIpKChdLhUCyWcaQqv.png
WARNING 2020-08-13 10:59:00,810 log 7805 140686526834496 Not Found: /storage/images/skills/YACpSpAxgzTqaCjw0XNJUXQubeHM9MUP7iYd8hko.png
WARNING 2020-08-13 10:59:00,813 log 7806 140686526834496 Not Found: /storage/images/skills/6ELsC8io4XrvnU98N42gYwPsHVY5egLo6I3mHc40.png
WARNING 2020-08-13 10:59:00,843 log 7803 140686526834496 Not Found: /storage/images/skills/xrTrPITMkLcJN00T5W5Ku4EFzRarSINj36LscZuw.png
WARNING 2020-08-13 10:59:00,846 log 7805 140686526834496 Not Found: /storage/images/skills/4pcEWX3lVjuEwXft8iFODi1ZhbCG94LNNf4jQDU7.png
WARNING 2020-08-13 10:59:00,889 log 7806 140686526834496 Not Found: /storage/images/skills/3bZ6VCiMMtnsc5gSq23VsiOYwiWg3mycqKBJBMva.png
WARNING 2020-08-13 10:59:00,891 log 7803 140686526834496 Not Found: /storage/images/skills/4FrovqnbAkP0e6cWsLfZb7LwJWnSHO73ZFd9fN3y.png
WARNING 2020-08-13 10:59:00,892 log 7805 140686526834496 Not Found: /storage/images/skills/ZaHUEcoEaEPHl9oFhEAwmfYmYEJt7kaOFnHtZ2YP.png
WARNING 2020-08-13 10:59:00,896 log 7806 140686526834496 Not Found: /storage/images/skills/VFnGqz98C21bkIqrnQEoQoutSR02nXI7pL2LJu1S.png
WARNING 2020-08-13 10:59:00,902 log 7803 140686526834496 Not Found: /storage/images/skills/re94hov8aABsdukGjYoOgRNYCyo3dxE4rqP7rwr1.png
WARNING 2020-08-13 10:59:00,918 log 7805 140686526834496 Not Found: /storage/images/skills/wLW5PFH0ezwiGUgzpdVXIKOpB2zD2bM8fnTFrBwd.png
WARNING 2020-08-13 10:59:00,938 log 7806 140686526834496 Not Found: /storage/images/skills/PiQDPKkc1qJaC886fURmMxlJBcABVKz4VncsVFBi.png
WARNING 2020-08-13 10:59:00,940 log 7803 140686526834496 Not Found: /storage/images/skills/hc5Wg7vhKJFY2RWYjzLCdE38DoEEuAuA0iKNaZK9.png
WARNING 2020-08-13 10:59:00,947 log 7805 140686526834496 Not Found: /storage/images/skills/r1vS28oSEqRmvLJ0d3s7W0CN4bwQ0wX9ZMTxi69h.png
WARNING 2020-08-13 10:59:00,948 log 7806 140686526834496 Not Found: /storage/images/skills/iKxSYLnFwTnnykvODJH6NWHotYEGJC3dKxMzqthJ.png
WARNING 2020-08-13 13:03:13,554 log 7805 140686526834496 Not Found: /storage/images/serhii_ivanenko.jpg
WARNING 2020-08-13 13:03:13,576 log 7803 140686526834496 Not Found: /storage/images/skills/WaaqD4FchVKOZDsoH5mNzsVxdvify48zZ4pWV1mS.png
WARNING 2020-08-13 13:03:13,577 log 7806 140686526834496 Not Found: /storage/images/skills/lF4hqOwsXoI1Vpe4mQurFJ5mqfXLwP9d4yyPHxW0.png
WARNING 2020-08-13 13:03:13,581 log 7803 140686526834496 Not Found: /storage/images/skills/ADOYL1xSd2b6yoim4h5b32Bs2peQHXATO4H6Nif5.png
WARNING 2020-08-13 13:03:13,588 log 7805 140686526834496 Not Found: /storage/images/skills/yLeBhbdzF4aL1NdZQgd8tOLVGPuOBILUHINyKRWJ.png
WARNING 2020-08-13 13:03:13,589 log 7806 140686526834496 Not Found: /storage/images/skills/8SHkhlWwWMJJYljqJG1TUfm2roDa6wrzynd4OU68.png
WARNING 2020-08-13 13:03:13,594 log 7803 140686526834496 Not Found: /storage/images/skills/acW8grPmyCKfXzzwyuf6txnGfP4NgpQ44oYtFCGy.png
WARNING 2020-08-13 13:03:13,695 log 7806 140686526834496 Not Found: /storage/images/skills/IFUrLOeja5uDvjJUCev0mrv0iCjF9mqc3fAw90PQ.png
WARNING 2020-08-13 13:03:13,697 log 7805 140686526834496 Not Found: /storage/images/skills/wxyf6uiZhZHqfI4GGBfzN2zIpKChdLhUCyWcaQqv.png
WARNING 2020-08-13 13:03:13,700 log 7803 140686526834496 Not Found: /storage/images/skills/so4Sy8yJhkF8xrafRiC5TBklsAXwQl23hKseVjDt.png
WARNING 2020-08-13 13:03:13,702 log 7806 140686526834496 Not Found: /storage/images/skills/yg3Fh3XRiRbxAQmaLdnrJMGEW79RcICV703beufq.png
WARNING 2020-08-13 13:03:13,704 log 7805 140686526834496 Not Found: /storage/images/skills/doYaXPaRu19ofoLW0K8xsvyOGS9g8tytukPQbQ39.png
WARNING 2020-08-13 13:03:13,707 log 7803 140686526834496 Not Found: /storage/images/skills/YACpSpAxgzTqaCjw0XNJUXQubeHM9MUP7iYd8hko.png
WARNING 2020-08-13 13:03:13,747 log 7806 140686526834496 Not Found: /storage/images/skills/ArVMGm02XmNcuF1B3qBoSg36uvIwtWL6GWXCjKki.png
WARNING 2020-08-13 13:03:13,763 log 7805 140686526834496 Not Found: /storage/images/skills/xrTrPITMkLcJN00T5W5Ku4EFzRarSINj36LscZuw.png
WARNING 2020-08-13 13:03:13,764 log 7803 140686526834496 Not Found: /storage/images/skills/4pcEWX3lVjuEwXft8iFODi1ZhbCG94LNNf4jQDU7.png
WARNING 2020-08-13 13:03:13,767 log 7806 140686526834496 Not Found: /storage/images/skills/6ELsC8io4XrvnU98N42gYwPsHVY5egLo6I3mHc40.png
WARNING 2020-08-13 13:03:13,768 log 7805 140686526834496 Not Found: /storage/images/skills/3bZ6VCiMMtnsc5gSq23VsiOYwiWg3mycqKBJBMva.png
WARNING 2020-08-13 13:03:13,772 log 7803 140686526834496 Not Found: /storage/images/skills/VFnGqz98C21bkIqrnQEoQoutSR02nXI7pL2LJu1S.png
WARNING 2020-08-13 13:03:13,785 log 7805 140686526834496 Not Found: /storage/images/skills/4FrovqnbAkP0e6cWsLfZb7LwJWnSHO73ZFd9fN3y.png
WARNING 2020-08-13 13:03:13,803 log 7806 140686526834496 Not Found: /storage/images/skills/ZaHUEcoEaEPHl9oFhEAwmfYmYEJt7kaOFnHtZ2YP.png
WARNING 2020-08-13 13:03:13,806 log 7806 140686526834496 Not Found: /storage/images/skills/re94hov8aABsdukGjYoOgRNYCyo3dxE4rqP7rwr1.png
WARNING 2020-08-13 13:03:13,849 log 7803 140686526834496 Not Found: /storage/images/skills/wLW5PFH0ezwiGUgzpdVXIKOpB2zD2bM8fnTFrBwd.png
WARNING 2020-08-13 13:03:13,877 log 7806 140686526834496 Not Found: /storage/images/skills/PiQDPKkc1qJaC886fURmMxlJBcABVKz4VncsVFBi.png
WARNING 2020-08-13 13:03:13,874 log 7805 140686526834496 Not Found: /storage/images/skills/hc5Wg7vhKJFY2RWYjzLCdE38DoEEuAuA0iKNaZK9.png
WARNING 2020-08-13 13:03:13,880 log 7803 140686526834496 Not Found: /storage/images/skills/r1vS28oSEqRmvLJ0d3s7W0CN4bwQ0wX9ZMTxi69h.png
WARNING 2020-08-13 13:03:13,881 log 7805 140686526834496 Not Found: /storage/images/skills/iKxSYLnFwTnnykvODJH6NWHotYEGJC3dKxMzqthJ.png
WARNING 2020-08-13 13:04:02,321 log 7806 140686526834496 Not Found: /storage/images/serhii_ivanenko.jpg
WARNING 2020-08-13 13:04:02,323 log 7806 140686526834496 Not Found: /storage/images/skills/lF4hqOwsXoI1Vpe4mQurFJ5mqfXLwP9d4yyPHxW0.png
WARNING 2020-08-13 13:04:02,327 log 7805 140686526834496 Not Found: /storage/images/skills/ADOYL1xSd2b6yoim4h5b32Bs2peQHXATO4H6Nif5.png
WARNING 2020-08-13 13:04:02,329 log 7803 140686526834496 Not Found: /storage/images/skills/WaaqD4FchVKOZDsoH5mNzsVxdvify48zZ4pWV1mS.png
WARNING 2020-08-13 13:04:02,332 log 7806 140686526834496 Not Found: /storage/images/skills/8SHkhlWwWMJJYljqJG1TUfm2roDa6wrzynd4OU68.png
WARNING 2020-08-13 13:04:02,335 log 7803 140686526834496 Not Found: /storage/images/skills/yLeBhbdzF4aL1NdZQgd8tOLVGPuOBILUHINyKRWJ.png
WARNING 2020-08-13 13:04:02,391 log 7805 140686526834496 Not Found: /storage/images/skills/acW8grPmyCKfXzzwyuf6txnGfP4NgpQ44oYtFCGy.png
WARNING 2020-08-13 13:04:02,393 log 7803 140686526834496 Not Found: /storage/images/skills/IFUrLOeja5uDvjJUCev0mrv0iCjF9mqc3fAw90PQ.png
WARNING 2020-08-13 13:04:02,395 log 7806 140686526834496 Not Found: /storage/images/skills/wxyf6uiZhZHqfI4GGBfzN2zIpKChdLhUCyWcaQqv.png
WARNING 2020-08-13 13:04:02,397 log 7805 140686526834496 Not Found: /storage/images/skills/yg3Fh3XRiRbxAQmaLdnrJMGEW79RcICV703beufq.png
WARNING 2020-08-13 13:04:02,399 log 7803 140686526834496 Not Found: /storage/images/skills/so4Sy8yJhkF8xrafRiC5TBklsAXwQl23hKseVjDt.png
WARNING 2020-08-13 13:04:02,401 log 7805 140686526834496 Not Found: /storage/images/skills/doYaXPaRu19ofoLW0K8xsvyOGS9g8tytukPQbQ39.png
WARNING 2020-08-13 13:04:02,441 log 7806 140686526834496 Not Found: /storage/images/skills/YACpSpAxgzTqaCjw0XNJUXQubeHM9MUP7iYd8hko.png
WARNING 2020-08-13 13:04:02,491 log 7805 140686526834496 Not Found: /storage/images/skills/xrTrPITMkLcJN00T5W5Ku4EFzRarSINj36LscZuw.png
WARNING 2020-08-13 13:04:02,493 log 7803 140686526834496 Not Found: /storage/images/skills/3bZ6VCiMMtnsc5gSq23VsiOYwiWg3mycqKBJBMva.png
WARNING 2020-08-13 13:04:02,495 log 7806 140686526834496 Not Found: /storage/images/skills/ArVMGm02XmNcuF1B3qBoSg36uvIwtWL6GWXCjKki.png
WARNING 2020-08-13 13:04:02,499 log 7803 140686526834496 Not Found: /storage/images/skills/6ELsC8io4XrvnU98N42gYwPsHVY5egLo6I3mHc40.png
WARNING 2020-08-13 13:04:02,501 log 7806 140686526834496 Not Found: /storage/images/skills/VFnGqz98C21bkIqrnQEoQoutSR02nXI7pL2LJu1S.png
WARNING 2020-08-13 13:04:02,502 log 7805 140686526834496 Not Found: /storage/images/skills/4pcEWX3lVjuEwXft8iFODi1ZhbCG94LNNf4jQDU7.png
WARNING 2020-08-13 13:04:02,536 log 7805 140686526834496 Not Found: /storage/images/skills/ZaHUEcoEaEPHl9oFhEAwmfYmYEJt7kaOFnHtZ2YP.png
WARNING 2020-08-13 13:04:02,538 log 7803 140686526834496 Not Found: /storage/images/skills/4FrovqnbAkP0e6cWsLfZb7LwJWnSHO73ZFd9fN3y.png
WARNING 2020-08-13 13:04:02,550 log 7806 140686526834496 Not Found: /storage/images/skills/hc5Wg7vhKJFY2RWYjzLCdE38DoEEuAuA0iKNaZK9.png
WARNING 2020-08-13 13:04:02,553 log 7805 140686526834496 Not Found: /storage/images/skills/PiQDPKkc1qJaC886fURmMxlJBcABVKz4VncsVFBi.png
WARNING 2020-08-13 13:04:02,555 log 7806 140686526834496 Not Found: /storage/images/skills/wLW5PFH0ezwiGUgzpdVXIKOpB2zD2bM8fnTFrBwd.png
WARNING 2020-08-13 13:04:02,556 log 7803 140686526834496 Not Found: /storage/images/skills/re94hov8aABsdukGjYoOgRNYCyo3dxE4rqP7rwr1.png
WARNING 2020-08-13 13:04:02,586 log 7805 140686526834496 Not Found: /storage/images/skills/r1vS28oSEqRmvLJ0d3s7W0CN4bwQ0wX9ZMTxi69h.png
WARNING 2020-08-13 13:04:02,595 log 7803 140686526834496 Not Found: /storage/images/skills/iKxSYLnFwTnnykvODJH6NWHotYEGJC3dKxMzqthJ.png
WARNING 2020-08-13 13:04:17,421 log 7805 140686526834496 Not Found: /storage/images/serhii_ivanenko.jpg
WARNING 2020-08-13 13:04:17,423 log 7803 140686526834496 Not Found: /storage/images/skills/lF4hqOwsXoI1Vpe4mQurFJ5mqfXLwP9d4yyPHxW0.png
WARNING 2020-08-13 13:04:17,440 log 7806 140686526834496 Not Found: /storage/images/skills/WaaqD4FchVKOZDsoH5mNzsVxdvify48zZ4pWV1mS.png
WARNING 2020-08-13 13:04:17,449 log 7805 140686526834496 Not Found: /storage/images/skills/ADOYL1xSd2b6yoim4h5b32Bs2peQHXATO4H6Nif5.png
WARNING 2020-08-13 13:04:17,458 log 7803 140686526834496 Not Found: /storage/images/skills/8SHkhlWwWMJJYljqJG1TUfm2roDa6wrzynd4OU68.png
WARNING 2020-08-13 13:04:17,458 log 7806 140686526834496 Not Found: /storage/images/skills/yLeBhbdzF4aL1NdZQgd8tOLVGPuOBILUHINyKRWJ.png
WARNING 2020-08-13 13:04:17,554 log 7805 140686526834496 Not Found: /storage/images/skills/so4Sy8yJhkF8xrafRiC5TBklsAXwQl23hKseVjDt.png
WARNING 2020-08-13 13:04:17,556 log 7803 140686526834496 Not Found: /storage/images/skills/IFUrLOeja5uDvjJUCev0mrv0iCjF9mqc3fAw90PQ.png
WARNING 2020-08-13 13:04:17,558 log 7806 140686526834496 Not Found: /storage/images/skills/doYaXPaRu19ofoLW0K8xsvyOGS9g8tytukPQbQ39.png
WARNING 2020-08-13 13:04:17,561 log 7803 140686526834496 Not Found: /storage/images/skills/acW8grPmyCKfXzzwyuf6txnGfP4NgpQ44oYtFCGy.png
WARNING 2020-08-13 13:04:17,563 log 7805 140686526834496 Not Found: /storage/images/skills/yg3Fh3XRiRbxAQmaLdnrJMGEW79RcICV703beufq.png
WARNING 2020-08-13 13:04:17,564 log 7806 140686526834496 Not Found: /storage/images/skills/wxyf6uiZhZHqfI4GGBfzN2zIpKChdLhUCyWcaQqv.png
WARNING 2020-08-13 13:04:17,627 log 7806 140686526834496 Not Found: /storage/images/skills/YACpSpAxgzTqaCjw0XNJUXQubeHM9MUP7iYd8hko.png
WARNING 2020-08-13 13:04:17,629 log 7805 140686526834496 Not Found: /storage/images/skills/3bZ6VCiMMtnsc5gSq23VsiOYwiWg3mycqKBJBMva.png
WARNING 2020-08-13 13:04:17,631 log 7803 140686526834496 Not Found: /storage/images/skills/6ELsC8io4XrvnU98N42gYwPsHVY5egLo6I3mHc40.png
WARNING 2020-08-13 13:04:17,635 log 7805 140686526834496 Not Found: /storage/images/skills/4pcEWX3lVjuEwXft8iFODi1ZhbCG94LNNf4jQDU7.png
WARNING 2020-08-13 13:04:17,637 log 7806 140686526834496 Not Found: /storage/images/skills/xrTrPITMkLcJN00T5W5Ku4EFzRarSINj36LscZuw.png
WARNING 2020-08-13 13:04:17,638 log 7803 140686526834496 Not Found: /storage/images/skills/ArVMGm02XmNcuF1B3qBoSg36uvIwtWL6GWXCjKki.png
WARNING 2020-08-13 13:04:17,683 log 7806 140686526834496 Not Found: /storage/images/skills/VFnGqz98C21bkIqrnQEoQoutSR02nXI7pL2LJu1S.png
WARNING 2020-08-13 13:04:17,685 log 7803 140686526834496 Not Found: /storage/images/skills/4FrovqnbAkP0e6cWsLfZb7LwJWnSHO73ZFd9fN3y.png
WARNING 2020-08-13 13:04:17,690 log 7805 140686526834496 Not Found: /storage/images/skills/ZaHUEcoEaEPHl9oFhEAwmfYmYEJt7kaOFnHtZ2YP.png
WARNING 2020-08-13 13:04:17,695 log 7805 140686526834496 Not Found: /storage/images/skills/wLW5PFH0ezwiGUgzpdVXIKOpB2zD2bM8fnTFrBwd.png
WARNING 2020-08-13 13:04:17,696 log 7806 140686526834496 Not Found: /storage/images/skills/re94hov8aABsdukGjYoOgRNYCyo3dxE4rqP7rwr1.png
WARNING 2020-08-13 13:04:17,699 log 7803 140686526834496 Not Found: /storage/images/skills/hc5Wg7vhKJFY2RWYjzLCdE38DoEEuAuA0iKNaZK9.png
WARNING 2020-08-13 13:04:17,742 log 7805 140686526834496 Not Found: /storage/images/skills/iKxSYLnFwTnnykvODJH6NWHotYEGJC3dKxMzqthJ.png
WARNING 2020-08-13 13:04:17,744 log 7806 140686526834496 Not Found: /storage/images/skills/PiQDPKkc1qJaC886fURmMxlJBcABVKz4VncsVFBi.png
WARNING 2020-08-13 13:04:17,746 log 7803 140686526834496 Not Found: /storage/images/skills/r1vS28oSEqRmvLJ0d3s7W0CN4bwQ0wX9ZMTxi69h.png
WARNING 2020-08-13 13:04:21,641 log 7806 140686526834496 Not Found: /storage/images/serhii_ivanenko.jpg
WARNING 2020-08-13 13:04:21,644 log 7803 140686526834496 Not Found: /storage/images/skills/lF4hqOwsXoI1Vpe4mQurFJ5mqfXLwP9d4yyPHxW0.png
WARNING 2020-08-13 13:04:21,663 log 7803 140686526834496 Not Found: /storage/images/skills/ADOYL1xSd2b6yoim4h5b32Bs2peQHXATO4H6Nif5.png
WARNING 2020-08-13 13:04:21,665 log 7805 140686526834496 Not Found: /storage/images/skills/8SHkhlWwWMJJYljqJG1TUfm2roDa6wrzynd4OU68.png
WARNING 2020-08-13 13:04:21,666 log 7806 140686526834496 Not Found: /storage/images/skills/WaaqD4FchVKOZDsoH5mNzsVxdvify48zZ4pWV1mS.png
WARNING 2020-08-13 13:04:21,668 log 7806 140686526834496 Not Found: /storage/images/skills/yLeBhbdzF4aL1NdZQgd8tOLVGPuOBILUHINyKRWJ.png
WARNING 2020-08-13 13:04:21,686 log 7803 140686526834496 Not Found: /storage/images/skills/acW8grPmyCKfXzzwyuf6txnGfP4NgpQ44oYtFCGy.png
WARNING 2020-08-13 13:04:21,687 log 7805 140686526834496 Not Found: /storage/images/skills/IFUrLOeja5uDvjJUCev0mrv0iCjF9mqc3fAw90PQ.png
WARNING 2020-08-13 13:04:21,753 log 7803 140686526834496 Not Found: /storage/images/skills/yg3Fh3XRiRbxAQmaLdnrJMGEW79RcICV703beufq.png
WARNING 2020-08-13 13:04:21,755 log 7806 140686526834496 Not Found: /storage/images/skills/wxyf6uiZhZHqfI4GGBfzN2zIpKChdLhUCyWcaQqv.png
WARNING 2020-08-13 13:04:21,756 log 7805 140686526834496 Not Found: /storage/images/skills/so4Sy8yJhkF8xrafRiC5TBklsAXwQl23hKseVjDt.png
WARNING 2020-08-13 13:04:21,759 log 7806 140686526834496 Not Found: /storage/images/skills/YACpSpAxgzTqaCjw0XNJUXQubeHM9MUP7iYd8hko.png
WARNING 2020-08-13 13:04:21,761 log 7805 140686526834496 Not Found: /storage/images/skills/doYaXPaRu19ofoLW0K8xsvyOGS9g8tytukPQbQ39.png
WARNING 2020-08-13 13:04:21,763 log 7803 140686526834496 Not Found: /storage/images/skills/ArVMGm02XmNcuF1B3qBoSg36uvIwtWL6GWXCjKki.png
WARNING 2020-08-13 13:04:21,802 log 7806 140686526834496 Not Found: /storage/images/skills/6ELsC8io4XrvnU98N42gYwPsHVY5egLo6I3mHc40.png
WARNING 2020-08-13 13:04:21,829 log 7805 140686526834496 Not Found: /storage/images/skills/4FrovqnbAkP0e6cWsLfZb7LwJWnSHO73ZFd9fN3y.png
WARNING 2020-08-13 13:04:21,830 log 7803 140686526834496 Not Found: /storage/images/skills/xrTrPITMkLcJN00T5W5Ku4EFzRarSINj36LscZuw.png
WARNING 2020-08-13 13:04:21,835 log 7805 140686526834496 Not Found: /storage/images/skills/3bZ6VCiMMtnsc5gSq23VsiOYwiWg3mycqKBJBMva.png
WARNING 2020-08-13 13:04:21,836 log 7803 140686526834496 Not Found: /storage/images/skills/4pcEWX3lVjuEwXft8iFODi1ZhbCG94LNNf4jQDU7.png
WARNING 2020-08-13 13:04:21,837 log 7806 140686526834496 Not Found: /storage/images/skills/VFnGqz98C21bkIqrnQEoQoutSR02nXI7pL2LJu1S.png
WARNING 2020-08-13 13:04:21,841 log 7805 140686526834496 Not Found: /storage/images/skills/ZaHUEcoEaEPHl9oFhEAwmfYmYEJt7kaOFnHtZ2YP.png
WARNING 2020-08-13 13:04:21,873 log 7803 140686526834496 Not Found: /storage/images/skills/re94hov8aABsdukGjYoOgRNYCyo3dxE4rqP7rwr1.png
WARNING 2020-08-13 13:04:21,878 log 7806 140686526834496 Not Found: /storage/images/skills/wLW5PFH0ezwiGUgzpdVXIKOpB2zD2bM8fnTFrBwd.png
WARNING 2020-08-13 13:04:21,891 log 7803 140686526834496 Not Found: /storage/images/skills/PiQDPKkc1qJaC886fURmMxlJBcABVKz4VncsVFBi.png
WARNING 2020-08-13 13:04:21,892 log 7806 140686526834496 Not Found: /storage/images/skills/iKxSYLnFwTnnykvODJH6NWHotYEGJC3dKxMzqthJ.png
WARNING 2020-08-13 13:04:21,894 log 7805 140686526834496 Not Found: /storage/images/skills/hc5Wg7vhKJFY2RWYjzLCdE38DoEEuAuA0iKNaZK9.png
WARNING 2020-08-13 13:04:21,903 log 7805 140686526834496 Not Found: /storage/images/skills/r1vS28oSEqRmvLJ0d3s7W0CN4bwQ0wX9ZMTxi69h.png
WARNING 2020-08-13 13:19:09,228 log 7803 140686526834496 Not Found: /storage/images/serhii_ivanenko.jpg
WARNING 2020-08-13 13:19:09,261 log 7803 140686526834496 Not Found: /storage/images/skills/ADOYL1xSd2b6yoim4h5b32Bs2peQHXATO4H6Nif5.png
WARNING 2020-08-13 13:19:09,263 log 7805 140686526834496 Not Found: /storage/images/skills/lF4hqOwsXoI1Vpe4mQurFJ5mqfXLwP9d4yyPHxW0.png
WARNING 2020-08-13 13:19:09,264 log 7806 140686526834496 Not Found: /storage/images/skills/WaaqD4FchVKOZDsoH5mNzsVxdvify48zZ4pWV1mS.png
WARNING 2020-08-13 13:19:09,268 log 7803 140686526834496 Not Found: /storage/images/skills/yLeBhbdzF4aL1NdZQgd8tOLVGPuOBILUHINyKRWJ.png
WARNING 2020-08-13 13:19:09,269 log 7805 140686526834496 Not Found: /storage/images/skills/acW8grPmyCKfXzzwyuf6txnGfP4NgpQ44oYtFCGy.png
WARNING 2020-08-13 13:19:09,270 log 7806 140686526834496 Not Found: /storage/images/skills/8SHkhlWwWMJJYljqJG1TUfm2roDa6wrzynd4OU68.png
WARNING 2020-08-13 13:19:09,361 log 7803 140686526834496 Not Found: /storage/images/skills/IFUrLOeja5uDvjJUCev0mrv0iCjF9mqc3fAw90PQ.png
WARNING 2020-08-13 13:19:09,363 log 7806 140686526834496 Not Found: /storage/images/skills/wxyf6uiZhZHqfI4GGBfzN2zIpKChdLhUCyWcaQqv.png
WARNING 2020-08-13 13:19:09,365 log 7805 140686526834496 Not Found: /storage/images/skills/so4Sy8yJhkF8xrafRiC5TBklsAXwQl23hKseVjDt.png
WARNING 2020-08-13 13:19:09,367 log 7806 140686526834496 Not Found: /storage/images/skills/yg3Fh3XRiRbxAQmaLdnrJMGEW79RcICV703beufq.png
WARNING 2020-08-13 13:19:09,369 log 7805 140686526834496 Not Found: /storage/images/skills/doYaXPaRu19ofoLW0K8xsvyOGS9g8tytukPQbQ39.png
WARNING 2020-08-13 13:19:09,370 log 7803 140686526834496 Not Found: /storage/images/skills/YACpSpAxgzTqaCjw0XNJUXQubeHM9MUP7iYd8hko.png
WARNING 2020-08-13 13:19:09,402 log 7806 140686526834496 Not Found: /storage/images/skills/ArVMGm02XmNcuF1B3qBoSg36uvIwtWL6GWXCjKki.png
WARNING 2020-08-13 13:19:09,447 log 7805 140686526834496 Not Found: /storage/images/skills/6ELsC8io4XrvnU98N42gYwPsHVY5egLo6I3mHc40.png
WARNING 2020-08-13 13:19:09,449 log 7803 140686526834496 Not Found: /storage/images/skills/xrTrPITMkLcJN00T5W5Ku4EFzRarSINj36LscZuw.png
WARNING 2020-08-13 13:19:09,460 log 7803 140686526834496 Not Found: /storage/images/skills/VFnGqz98C21bkIqrnQEoQoutSR02nXI7pL2LJu1S.png
WARNING 2020-08-13 13:19:09,462 log 7805 140686526834496 Not Found: /storage/images/skills/4pcEWX3lVjuEwXft8iFODi1ZhbCG94LNNf4jQDU7.png
WARNING 2020-08-13 13:19:09,463 log 7806 140686526834496 Not Found: /storage/images/skills/3bZ6VCiMMtnsc5gSq23VsiOYwiWg3mycqKBJBMva.png
WARNING 2020-08-13 13:19:09,467 log 7803 140686526834496 Not Found: /storage/images/skills/4FrovqnbAkP0e6cWsLfZb7LwJWnSHO73ZFd9fN3y.png
WARNING 2020-08-13 13:19:09,500 log 7805 140686526834496 Not Found: /storage/images/skills/re94hov8aABsdukGjYoOgRNYCyo3dxE4rqP7rwr1.png
WARNING 2020-08-13 13:19:09,501 log 7805 140686526834496 Not Found: /storage/images/skills/ZaHUEcoEaEPHl9oFhEAwmfYmYEJt7kaOFnHtZ2YP.png
WARNING 2020-08-13 13:19:09,527 log 7806 140686526834496 Not Found: /storage/images/skills/wLW5PFH0ezwiGUgzpdVXIKOpB2zD2bM8fnTFrBwd.png
WARNING 2020-08-13 13:19:09,529 log 7803 140686526834496 Not Found: /storage/images/skills/PiQDPKkc1qJaC886fURmMxlJBcABVKz4VncsVFBi.png
WARNING 2020-08-13 13:19:09,531 log 7806 140686526834496 Not Found: /storage/images/skills/hc5Wg7vhKJFY2RWYjzLCdE38DoEEuAuA0iKNaZK9.png
WARNING 2020-08-13 13:19:09,533 log 7803 140686526834496 Not Found: /storage/images/skills/r1vS28oSEqRmvLJ0d3s7W0CN4bwQ0wX9ZMTxi69h.png
WARNING 2020-08-13 13:19:09,541 log 7805 140686526834496 Not Found: /storage/images/skills/iKxSYLnFwTnnykvODJH6NWHotYEGJC3dKxMzqthJ.png
